{"/home/backes/workspace/orbita/odc/api/src/app/controllers/FileController.js": {"path":"/home/backes/workspace/orbita/odc/api/src/app/controllers/FileController.js","statementMap":{"0":{"start":{"line":1,"column":53},"end":{"line":1,"column":107}},"1":{"start":{"line":1,"column":109},"end":{"line":1,"column":169}},"2":{"start":{"line":1,"column":181},"end":{"line":1,"column":206}},"3":{"start":{"line":1,"column":221},"end":{"line":1,"column":250}},"4":{"start":{"line":5,"column":51},"end":{"line":5,"column":59}},"5":{"start":{"line":7,"column":17},"end":{"line":10,"column":6}},"6":{"start":{"line":12,"column":4},"end":{"line":12,"column":26}},"7":{"start":{"line":16,"column":0},"end":{"line":16,"column":40}}},"fnMap":{"0":{"name":"_interopRequireDefault","decl":{"start":{"line":1,"column":23},"end":{"line":1,"column":45}},"loc":{"start":{"line":1,"column":51},"end":{"line":1,"column":109}},"line":1},"1":{"name":"(anonymous_1)","decl":{"start":{"line":4,"column":2},"end":{"line":4,"column":3}},"loc":{"start":{"line":4,"column":24},"end":{"line":13,"column":3}},"line":4}},"branchMap":{"0":{"loc":{"start":{"line":1,"column":60},"end":{"line":1,"column":106}},"type":"cond-expr","locations":[{"start":{"line":1,"column":84},"end":{"line":1,"column":87}},{"start":{"line":1,"column":90},"end":{"line":1,"column":106}}],"line":1},"1":{"loc":{"start":{"line":1,"column":60},"end":{"line":1,"column":81}},"type":"binary-expr","locations":[{"start":{"line":1,"column":60},"end":{"line":1,"column":63}},{"start":{"line":1,"column":67},"end":{"line":1,"column":81}}],"line":1}},"s":{"0":0,"1":0,"2":0,"3":0,"4":0,"5":0,"6":0,"7":0},"f":{"0":0,"1":0},"b":{"0":[0,0],"1":[0,0]},"hash":"f6add485b4bf7a07ca44492b77834a64ce5f7b17"}
,"/home/backes/workspace/orbita/odc/api/src/app/controllers/InstallationController.js": {"path":"/home/backes/workspace/orbita/odc/api/src/app/controllers/InstallationController.js","statementMap":{"0":{"start":{"line":1,"column":53},"end":{"line":1,"column":107}},"1":{"start":{"line":1,"column":109},"end":{"line":1,"column":169}},"2":{"start":{"line":1,"column":185},"end":{"line":1,"column":210}},"3":{"start":{"line":1,"column":229},"end":{"line":1,"column":262}},"4":{"start":{"line":2,"column":20},"end":{"line":2,"column":53}},"5":{"start":{"line":2,"column":76},"end":{"line":2,"column":113}},"6":{"start":{"line":6,"column":18},"end":{"line":6,"column":20}},"7":{"start":{"line":7,"column":21},"end":{"line":7,"column":30}},"8":{"start":{"line":8,"column":26},"end":{"line":8,"column":29}},"9":{"start":{"line":10,"column":26},"end":{"line":16,"column":6}},"10":{"start":{"line":18,"column":21},"end":{"line":18,"column":59}},"11":{"start":{"line":20,"column":4},"end":{"line":24,"column":7}},"12":{"start":{"line":28,"column":26},"end":{"line":28,"column":29}},"13":{"start":{"line":30,"column":18},"end":{"line":34,"column":6}},"14":{"start":{"line":36,"column":4},"end":{"line":36,"column":49}},"15":{"start":{"line":40,"column":26},"end":{"line":40,"column":29}},"16":{"start":{"line":42,"column":17},"end":{"line":48,"column":6}},"17":{"start":{"line":50,"column":4},"end":{"line":50,"column":26}},"18":{"start":{"line":54,"column":22},"end":{"line":54,"column":56}},"19":{"start":{"line":56,"column":21},"end":{"line":69,"column":5}},"20":{"start":{"line":71,"column":4},"end":{"line":76,"column":6}},"21":{"start":{"line":72,"column":27},"end":{"line":75,"column":7}},"22":{"start":{"line":80,"column":0},"end":{"line":80,"column":48}}},"fnMap":{"0":{"name":"_interopRequireDefault","decl":{"start":{"line":1,"column":23},"end":{"line":1,"column":45}},"loc":{"start":{"line":1,"column":51},"end":{"line":1,"column":109}},"line":1},"1":{"name":"(anonymous_1)","decl":{"start":{"line":5,"column":2},"end":{"line":5,"column":3}},"loc":{"start":{"line":5,"column":24},"end":{"line":25,"column":3}},"line":5},"2":{"name":"(anonymous_2)","decl":{"start":{"line":27,"column":2},"end":{"line":27,"column":3}},"loc":{"start":{"line":27,"column":29},"end":{"line":37,"column":3}},"line":27},"3":{"name":"(anonymous_3)","decl":{"start":{"line":39,"column":2},"end":{"line":39,"column":3}},"loc":{"start":{"line":39,"column":37},"end":{"line":51,"column":3}},"line":39},"4":{"name":"(anonymous_4)","decl":{"start":{"line":53,"column":2},"end":{"line":53,"column":3}},"loc":{"start":{"line":53,"column":33},"end":{"line":77,"column":3}},"line":53},"5":{"name":"(anonymous_5)","decl":{"start":{"line":72,"column":19},"end":{"line":72,"column":20}},"loc":{"start":{"line":72,"column":27},"end":{"line":75,"column":7}},"line":72}},"branchMap":{"0":{"loc":{"start":{"line":1,"column":60},"end":{"line":1,"column":106}},"type":"cond-expr","locations":[{"start":{"line":1,"column":84},"end":{"line":1,"column":87}},{"start":{"line":1,"column":90},"end":{"line":1,"column":106}}],"line":1},"1":{"loc":{"start":{"line":1,"column":60},"end":{"line":1,"column":81}},"type":"binary-expr","locations":[{"start":{"line":1,"column":60},"end":{"line":1,"column":63}},{"start":{"line":1,"column":67},"end":{"line":1,"column":81}}],"line":1}},"s":{"0":0,"1":0,"2":0,"3":0,"4":0,"5":0,"6":0,"7":0,"8":0,"9":0,"10":0,"11":0,"12":0,"13":0,"14":0,"15":0,"16":0,"17":0,"18":0,"19":0,"20":0,"21":0,"22":0},"f":{"0":0,"1":0,"2":0,"3":0,"4":0,"5":0},"b":{"0":[0,0],"1":[0,0]},"hash":"5a67ec0d3840a1e397d41928cf22807eab798d80"}
,"/home/backes/workspace/orbita/odc/api/src/app/controllers/SessionController.js": {"path":"/home/backes/workspace/orbita/odc/api/src/app/controllers/SessionController.js","statementMap":{"0":{"start":{"line":1,"column":53},"end":{"line":1,"column":107}},"1":{"start":{"line":1,"column":109},"end":{"line":1,"column":169}},"2":{"start":{"line":1,"column":189},"end":{"line":1,"column":212}},"3":{"start":{"line":1,"column":235},"end":{"line":1,"column":272}},"4":{"start":{"line":3,"column":12},"end":{"line":3,"column":37}},"5":{"start":{"line":3,"column":52},"end":{"line":3,"column":81}},"6":{"start":{"line":5,"column":12},"end":{"line":5,"column":40}},"7":{"start":{"line":5,"column":55},"end":{"line":5,"column":84}},"8":{"start":{"line":9,"column":32},"end":{"line":9,"column":40}},"9":{"start":{"line":11,"column":17},"end":{"line":15,"column":6}},"10":{"start":{"line":17,"column":4},"end":{"line":21,"column":5}},"11":{"start":{"line":18,"column":6},"end":{"line":20,"column":9}},"12":{"start":{"line":23,"column":32},"end":{"line":23,"column":36}},"13":{"start":{"line":25,"column":4},"end":{"line":30,"column":7}},"14":{"start":{"line":34,"column":0},"end":{"line":34,"column":43}}},"fnMap":{"0":{"name":"_interopRequireDefault","decl":{"start":{"line":1,"column":23},"end":{"line":1,"column":45}},"loc":{"start":{"line":1,"column":51},"end":{"line":1,"column":109}},"line":1},"1":{"name":"(anonymous_1)","decl":{"start":{"line":8,"column":2},"end":{"line":8,"column":3}},"loc":{"start":{"line":8,"column":24},"end":{"line":31,"column":3}},"line":8}},"branchMap":{"0":{"loc":{"start":{"line":1,"column":60},"end":{"line":1,"column":106}},"type":"cond-expr","locations":[{"start":{"line":1,"column":84},"end":{"line":1,"column":87}},{"start":{"line":1,"column":90},"end":{"line":1,"column":106}}],"line":1},"1":{"loc":{"start":{"line":1,"column":60},"end":{"line":1,"column":81}},"type":"binary-expr","locations":[{"start":{"line":1,"column":60},"end":{"line":1,"column":63}},{"start":{"line":1,"column":67},"end":{"line":1,"column":81}}],"line":1},"2":{"loc":{"start":{"line":17,"column":4},"end":{"line":21,"column":5}},"type":"if","locations":[{"start":{"line":17,"column":4},"end":{"line":21,"column":5}},{"start":{"line":17,"column":4},"end":{"line":21,"column":5}}],"line":17},"3":{"loc":{"start":{"line":17,"column":8},"end":{"line":17,"column":54}},"type":"binary-expr","locations":[{"start":{"line":17,"column":8},"end":{"line":17,"column":13}},{"start":{"line":17,"column":17},"end":{"line":17,"column":54}}],"line":17}},"s":{"0":0,"1":0,"2":0,"3":0,"4":0,"5":0,"6":0,"7":0,"8":0,"9":0,"10":0,"11":0,"12":0,"13":0,"14":0},"f":{"0":0,"1":0},"b":{"0":[0,0],"1":[0,0],"2":[0,0],"3":[0,0]},"hash":"d4cf43d360b463445f8c2c8b11237250532fbdbf"}
,"/home/backes/workspace/orbita/odc/api/src/app/controllers/UserController.js": {"path":"/home/backes/workspace/orbita/odc/api/src/app/controllers/UserController.js","statementMap":{"0":{"start":{"line":1,"column":53},"end":{"line":1,"column":107}},"1":{"start":{"line":1,"column":109},"end":{"line":1,"column":169}},"2":{"start":{"line":1,"column":181},"end":{"line":1,"column":206}},"3":{"start":{"line":1,"column":221},"end":{"line":1,"column":250}},"4":{"start":{"line":2,"column":12},"end":{"line":2,"column":37}},"5":{"start":{"line":2,"column":52},"end":{"line":2,"column":81}},"6":{"start":{"line":6,"column":18},"end":{"line":15,"column":6}},"7":{"start":{"line":17,"column":4},"end":{"line":17,"column":27}},"8":{"start":{"line":21,"column":22},"end":{"line":21,"column":30}},"9":{"start":{"line":23,"column":22},"end":{"line":27,"column":6}},"10":{"start":{"line":29,"column":4},"end":{"line":34,"column":5}},"11":{"start":{"line":30,"column":6},"end":{"line":33,"column":9}},"12":{"start":{"line":36,"column":32},"end":{"line":39,"column":6}},"13":{"start":{"line":41,"column":4},"end":{"line":41,"column":48}},"14":{"start":{"line":45,"column":45},"end":{"line":45,"column":53}},"15":{"start":{"line":47,"column":17},"end":{"line":47,"column":58}},"16":{"start":{"line":49,"column":4},"end":{"line":55,"column":5}},"17":{"start":{"line":50,"column":25},"end":{"line":50,"column":75}},"18":{"start":{"line":52,"column":6},"end":{"line":54,"column":7}},"19":{"start":{"line":53,"column":8},"end":{"line":53,"column":70}},"20":{"start":{"line":57,"column":4},"end":{"line":61,"column":5}},"21":{"start":{"line":58,"column":6},"end":{"line":60,"column":9}},"22":{"start":{"line":63,"column":4},"end":{"line":65,"column":5}},"23":{"start":{"line":64,"column":6},"end":{"line":64,"column":72}},"24":{"start":{"line":67,"column":32},"end":{"line":70,"column":6}},"25":{"start":{"line":72,"column":4},"end":{"line":72,"column":48}},"26":{"start":{"line":76,"column":17},"end":{"line":76,"column":61}},"27":{"start":{"line":78,"column":4},"end":{"line":83,"column":5}},"28":{"start":{"line":79,"column":6},"end":{"line":82,"column":9}},"29":{"start":{"line":85,"column":4},"end":{"line":85,"column":25}},"30":{"start":{"line":87,"column":4},"end":{"line":89,"column":7}},"31":{"start":{"line":93,"column":0},"end":{"line":93,"column":40}}},"fnMap":{"0":{"name":"_interopRequireDefault","decl":{"start":{"line":1,"column":23},"end":{"line":1,"column":45}},"loc":{"start":{"line":1,"column":51},"end":{"line":1,"column":109}},"line":1},"1":{"name":"(anonymous_1)","decl":{"start":{"line":5,"column":2},"end":{"line":5,"column":3}},"loc":{"start":{"line":5,"column":24},"end":{"line":18,"column":3}},"line":5},"2":{"name":"(anonymous_2)","decl":{"start":{"line":20,"column":2},"end":{"line":20,"column":3}},"loc":{"start":{"line":20,"column":24},"end":{"line":42,"column":3}},"line":20},"3":{"name":"(anonymous_3)","decl":{"start":{"line":44,"column":2},"end":{"line":44,"column":3}},"loc":{"start":{"line":44,"column":25},"end":{"line":73,"column":3}},"line":44},"4":{"name":"(anonymous_4)","decl":{"start":{"line":75,"column":2},"end":{"line":75,"column":3}},"loc":{"start":{"line":75,"column":25},"end":{"line":90,"column":3}},"line":75}},"branchMap":{"0":{"loc":{"start":{"line":1,"column":60},"end":{"line":1,"column":106}},"type":"cond-expr","locations":[{"start":{"line":1,"column":84},"end":{"line":1,"column":87}},{"start":{"line":1,"column":90},"end":{"line":1,"column":106}}],"line":1},"1":{"loc":{"start":{"line":1,"column":60},"end":{"line":1,"column":81}},"type":"binary-expr","locations":[{"start":{"line":1,"column":60},"end":{"line":1,"column":63}},{"start":{"line":1,"column":67},"end":{"line":1,"column":81}}],"line":1},"2":{"loc":{"start":{"line":29,"column":4},"end":{"line":34,"column":5}},"type":"if","locations":[{"start":{"line":29,"column":4},"end":{"line":34,"column":5}},{"start":{"line":29,"column":4},"end":{"line":34,"column":5}}],"line":29},"3":{"loc":{"start":{"line":49,"column":4},"end":{"line":55,"column":5}},"type":"if","locations":[{"start":{"line":49,"column":4},"end":{"line":55,"column":5}},{"start":{"line":49,"column":4},"end":{"line":55,"column":5}}],"line":49},"4":{"loc":{"start":{"line":52,"column":6},"end":{"line":54,"column":7}},"type":"if","locations":[{"start":{"line":52,"column":6},"end":{"line":54,"column":7}},{"start":{"line":52,"column":6},"end":{"line":54,"column":7}}],"line":52},"5":{"loc":{"start":{"line":57,"column":4},"end":{"line":61,"column":5}},"type":"if","locations":[{"start":{"line":57,"column":4},"end":{"line":61,"column":5}},{"start":{"line":57,"column":4},"end":{"line":61,"column":5}}],"line":57},"6":{"loc":{"start":{"line":57,"column":8},"end":{"line":57,"column":32}},"type":"binary-expr","locations":[{"start":{"line":57,"column":8},"end":{"line":57,"column":16}},{"start":{"line":57,"column":20},"end":{"line":57,"column":32}}],"line":57},"7":{"loc":{"start":{"line":63,"column":4},"end":{"line":65,"column":5}},"type":"if","locations":[{"start":{"line":63,"column":4},"end":{"line":65,"column":5}},{"start":{"line":63,"column":4},"end":{"line":65,"column":5}}],"line":63},"8":{"loc":{"start":{"line":63,"column":8},"end":{"line":63,"column":63}},"type":"binary-expr","locations":[{"start":{"line":63,"column":8},"end":{"line":63,"column":19}},{"start":{"line":63,"column":23},"end":{"line":63,"column":63}}],"line":63},"9":{"loc":{"start":{"line":78,"column":4},"end":{"line":83,"column":5}},"type":"if","locations":[{"start":{"line":78,"column":4},"end":{"line":83,"column":5}},{"start":{"line":78,"column":4},"end":{"line":83,"column":5}}],"line":78}},"s":{"0":0,"1":0,"2":0,"3":0,"4":0,"5":0,"6":0,"7":0,"8":0,"9":0,"10":0,"11":0,"12":0,"13":0,"14":0,"15":0,"16":0,"17":0,"18":0,"19":0,"20":0,"21":0,"22":0,"23":0,"24":0,"25":0,"26":0,"27":0,"28":0,"29":0,"30":0,"31":0},"f":{"0":0,"1":0,"2":0,"3":0,"4":0},"b":{"0":[0,0],"1":[0,0],"2":[0,0],"3":[0,0],"4":[0,0],"5":[0,0],"6":[0,0],"7":[0,0],"8":[0,0],"9":[0,0]},"hash":"880fbc0b83418823469e4dede218e6058f01b68e"}
,"/home/backes/workspace/orbita/odc/api/src/app/middlewares/auth.js": {"path":"/home/backes/workspace/orbita/odc/api/src/app/middlewares/auth.js","statementMap":{"0":{"start":{"line":1,"column":53},"end":{"line":1,"column":107}},"1":{"start":{"line":1,"column":109},"end":{"line":1,"column":169}},"2":{"start":{"line":1,"column":189},"end":{"line":1,"column":212}},"3":{"start":{"line":1,"column":235},"end":{"line":1,"column":272}},"4":{"start":{"line":2,"column":12},"end":{"line":2,"column":27}},"5":{"start":{"line":4,"column":12},"end":{"line":4,"column":40}},"6":{"start":{"line":4,"column":55},"end":{"line":4,"column":84}},"7":{"start":{"line":6,"column":0},"end":{"line":29,"column":2}},"8":{"start":{"line":7,"column":21},"end":{"line":7,"column":46}},"9":{"start":{"line":9,"column":2},"end":{"line":13,"column":3}},"10":{"start":{"line":10,"column":4},"end":{"line":12,"column":70}},"11":{"start":{"line":15,"column":20},"end":{"line":15,"column":41}},"12":{"start":{"line":17,"column":2},"end":{"line":28,"column":3}},"13":{"start":{"line":18,"column":20},"end":{"line":18,"column":115}},"14":{"start":{"line":20,"column":4},"end":{"line":20,"column":28}},"15":{"start":{"line":21,"column":4},"end":{"line":21,"column":34}},"16":{"start":{"line":23,"column":4},"end":{"line":23,"column":18}},"17":{"start":{"line":25,"column":4},"end":{"line":27,"column":66}}},"fnMap":{"0":{"name":"_interopRequireDefault","decl":{"start":{"line":1,"column":23},"end":{"line":1,"column":45}},"loc":{"start":{"line":1,"column":51},"end":{"line":1,"column":109}},"line":1},"1":{"name":"(anonymous_1)","decl":{"start":{"line":6,"column":19},"end":{"line":6,"column":20}},"loc":{"start":{"line":6,"column":45},"end":{"line":29,"column":1}},"line":6}},"branchMap":{"0":{"loc":{"start":{"line":1,"column":60},"end":{"line":1,"column":106}},"type":"cond-expr","locations":[{"start":{"line":1,"column":84},"end":{"line":1,"column":87}},{"start":{"line":1,"column":90},"end":{"line":1,"column":106}}],"line":1},"1":{"loc":{"start":{"line":1,"column":60},"end":{"line":1,"column":81}},"type":"binary-expr","locations":[{"start":{"line":1,"column":60},"end":{"line":1,"column":63}},{"start":{"line":1,"column":67},"end":{"line":1,"column":81}}],"line":1},"2":{"loc":{"start":{"line":9,"column":2},"end":{"line":13,"column":3}},"type":"if","locations":[{"start":{"line":9,"column":2},"end":{"line":13,"column":3}},{"start":{"line":9,"column":2},"end":{"line":13,"column":3}}],"line":9}},"s":{"0":0,"1":0,"2":0,"3":0,"4":0,"5":0,"6":0,"7":0,"8":0,"9":0,"10":0,"11":0,"12":0,"13":0,"14":0,"15":0,"16":0,"17":0},"f":{"0":0,"1":0},"b":{"0":[0,0],"1":[0,0],"2":[0,0]},"hash":"3fb836dcd15b641308edc7e08aa513cfd4825c3f"}
,"/home/backes/workspace/orbita/odc/api/src/app/models/File.js": {"path":"/home/backes/workspace/orbita/odc/api/src/app/models/File.js","statementMap":{"0":{"start":{"line":1,"column":53},"end":{"line":1,"column":107}},"1":{"start":{"line":1,"column":109},"end":{"line":1,"column":169}},"2":{"start":{"line":1,"column":186},"end":{"line":1,"column":206}},"3":{"start":{"line":1,"column":226},"end":{"line":1,"column":260}},"4":{"start":{"line":5,"column":4},"end":{"line":19,"column":6}},"5":{"start":{"line":12,"column":12},"end":{"line":12,"column":63}},"6":{"start":{"line":21,"column":4},"end":{"line":21,"column":16}},"7":{"start":{"line":25,"column":0},"end":{"line":25,"column":24}}},"fnMap":{"0":{"name":"_interopRequireDefault","decl":{"start":{"line":1,"column":23},"end":{"line":1,"column":45}},"loc":{"start":{"line":1,"column":51},"end":{"line":1,"column":109}},"line":1},"1":{"name":"(anonymous_1)","decl":{"start":{"line":4,"column":2},"end":{"line":4,"column":3}},"loc":{"start":{"line":4,"column":25},"end":{"line":22,"column":3}},"line":4},"2":{"name":"(anonymous_2)","decl":{"start":{"line":11,"column":10},"end":{"line":11,"column":11}},"loc":{"start":{"line":11,"column":16},"end":{"line":13,"column":11}},"line":11}},"branchMap":{"0":{"loc":{"start":{"line":1,"column":60},"end":{"line":1,"column":106}},"type":"cond-expr","locations":[{"start":{"line":1,"column":84},"end":{"line":1,"column":87}},{"start":{"line":1,"column":90},"end":{"line":1,"column":106}}],"line":1},"1":{"loc":{"start":{"line":1,"column":60},"end":{"line":1,"column":81}},"type":"binary-expr","locations":[{"start":{"line":1,"column":60},"end":{"line":1,"column":63}},{"start":{"line":1,"column":67},"end":{"line":1,"column":81}}],"line":1}},"s":{"0":0,"1":0,"2":0,"3":0,"4":0,"5":0,"6":0,"7":0},"f":{"0":0,"1":0,"2":0},"b":{"0":[0,0],"1":[0,0]},"hash":"7cd4301656f19e5e9f493536ab0586f70b4078d5"}
,"/home/backes/workspace/orbita/odc/api/src/app/models/Installation.js": {"path":"/home/backes/workspace/orbita/odc/api/src/app/models/Installation.js","statementMap":{"0":{"start":{"line":1,"column":53},"end":{"line":1,"column":107}},"1":{"start":{"line":1,"column":109},"end":{"line":1,"column":169}},"2":{"start":{"line":1,"column":186},"end":{"line":1,"column":206}},"3":{"start":{"line":1,"column":226},"end":{"line":1,"column":260}},"4":{"start":{"line":5,"column":4},"end":{"line":17,"column":6}},"5":{"start":{"line":19,"column":4},"end":{"line":19,"column":16}},"6":{"start":{"line":23,"column":0},"end":{"line":23,"column":32}}},"fnMap":{"0":{"name":"_interopRequireDefault","decl":{"start":{"line":1,"column":23},"end":{"line":1,"column":45}},"loc":{"start":{"line":1,"column":51},"end":{"line":1,"column":109}},"line":1},"1":{"name":"(anonymous_1)","decl":{"start":{"line":4,"column":2},"end":{"line":4,"column":3}},"loc":{"start":{"line":4,"column":25},"end":{"line":20,"column":3}},"line":4}},"branchMap":{"0":{"loc":{"start":{"line":1,"column":60},"end":{"line":1,"column":106}},"type":"cond-expr","locations":[{"start":{"line":1,"column":84},"end":{"line":1,"column":87}},{"start":{"line":1,"column":90},"end":{"line":1,"column":106}}],"line":1},"1":{"loc":{"start":{"line":1,"column":60},"end":{"line":1,"column":81}},"type":"binary-expr","locations":[{"start":{"line":1,"column":60},"end":{"line":1,"column":63}},{"start":{"line":1,"column":67},"end":{"line":1,"column":81}}],"line":1}},"s":{"0":0,"1":0,"2":0,"3":0,"4":0,"5":0,"6":0},"f":{"0":0,"1":0},"b":{"0":[0,0],"1":[0,0]},"hash":"6d8319f7c7324e2d0c397e197effc83fae1f5551"}
,"/home/backes/workspace/orbita/odc/api/src/app/models/User.js": {"path":"/home/backes/workspace/orbita/odc/api/src/app/models/User.js","statementMap":{"0":{"start":{"line":1,"column":53},"end":{"line":1,"column":107}},"1":{"start":{"line":1,"column":109},"end":{"line":1,"column":169}},"2":{"start":{"line":1,"column":186},"end":{"line":1,"column":206}},"3":{"start":{"line":1,"column":226},"end":{"line":1,"column":260}},"4":{"start":{"line":2,"column":16},"end":{"line":2,"column":35}},"5":{"start":{"line":2,"column":54},"end":{"line":2,"column":87}},"6":{"start":{"line":6,"column":4},"end":{"line":17,"column":6}},"7":{"start":{"line":19,"column":4},"end":{"line":23,"column":7}},"8":{"start":{"line":20,"column":6},"end":{"line":22,"column":7}},"9":{"start":{"line":21,"column":8},"end":{"line":21,"column":77}},"10":{"start":{"line":25,"column":4},"end":{"line":25,"column":16}},"11":{"start":{"line":29,"column":4},"end":{"line":29,"column":75}},"12":{"start":{"line":33,"column":4},"end":{"line":33,"column":68}},"13":{"start":{"line":37,"column":0},"end":{"line":37,"column":24}}},"fnMap":{"0":{"name":"_interopRequireDefault","decl":{"start":{"line":1,"column":23},"end":{"line":1,"column":45}},"loc":{"start":{"line":1,"column":51},"end":{"line":1,"column":109}},"line":1},"1":{"name":"(anonymous_1)","decl":{"start":{"line":5,"column":2},"end":{"line":5,"column":3}},"loc":{"start":{"line":5,"column":25},"end":{"line":26,"column":3}},"line":5},"2":{"name":"(anonymous_2)","decl":{"start":{"line":19,"column":31},"end":{"line":19,"column":32}},"loc":{"start":{"line":19,"column":45},"end":{"line":23,"column":5}},"line":19},"3":{"name":"(anonymous_3)","decl":{"start":{"line":28,"column":2},"end":{"line":28,"column":3}},"loc":{"start":{"line":28,"column":27},"end":{"line":30,"column":3}},"line":28},"4":{"name":"(anonymous_4)","decl":{"start":{"line":32,"column":2},"end":{"line":32,"column":3}},"loc":{"start":{"line":32,"column":26},"end":{"line":34,"column":3}},"line":32}},"branchMap":{"0":{"loc":{"start":{"line":1,"column":60},"end":{"line":1,"column":106}},"type":"cond-expr","locations":[{"start":{"line":1,"column":84},"end":{"line":1,"column":87}},{"start":{"line":1,"column":90},"end":{"line":1,"column":106}}],"line":1},"1":{"loc":{"start":{"line":1,"column":60},"end":{"line":1,"column":81}},"type":"binary-expr","locations":[{"start":{"line":1,"column":60},"end":{"line":1,"column":63}},{"start":{"line":1,"column":67},"end":{"line":1,"column":81}}],"line":1},"2":{"loc":{"start":{"line":20,"column":6},"end":{"line":22,"column":7}},"type":"if","locations":[{"start":{"line":20,"column":6},"end":{"line":22,"column":7}},{"start":{"line":20,"column":6},"end":{"line":22,"column":7}}],"line":20}},"s":{"0":0,"1":0,"2":0,"3":0,"4":0,"5":0,"6":0,"7":0,"8":0,"9":0,"10":0,"11":0,"12":0,"13":0},"f":{"0":0,"1":0,"2":0,"3":0,"4":0},"b":{"0":[0,0],"1":[0,0],"2":[0,0]},"hash":"ea5978351f2e016fba1ad3b236257d86cf622381"}
,"/home/backes/workspace/orbita/odc/api/src/app/validations/InstallationIndex.js": {"path":"/home/backes/workspace/orbita/odc/api/src/app/validations/InstallationIndex.js","statementMap":{"0":{"start":{"line":1,"column":54},"end":{"line":1,"column":285}},"1":{"start":{"line":1,"column":83},"end":{"line":1,"column":94}},"2":{"start":{"line":1,"column":117},"end":{"line":1,"column":119}},"3":{"start":{"line":1,"column":121},"end":{"line":1,"column":246}},"4":{"start":{"line":1,"column":140},"end":{"line":1,"column":244}},"5":{"start":{"line":1,"column":163},"end":{"line":1,"column":242}},"6":{"start":{"line":1,"column":217},"end":{"line":1,"column":240}},"7":{"start":{"line":1,"column":247},"end":{"line":1,"column":268}},"8":{"start":{"line":1,"column":269},"end":{"line":1,"column":283}},"9":{"start":{"line":1,"column":287},"end":{"line":1,"column":347}},"10":{"start":{"line":1,"column":358},"end":{"line":1,"column":372}},"11":{"start":{"line":1,"column":384},"end":{"line":1,"column":413}},"12":{"start":{"line":3,"column":0},"end":{"line":18,"column":2}},"13":{"start":{"line":4,"column":2},"end":{"line":17,"column":3}},"14":{"start":{"line":5,"column":19},"end":{"line":7,"column":6}},"15":{"start":{"line":9,"column":4},"end":{"line":9,"column":60}},"16":{"start":{"line":11,"column":4},"end":{"line":11,"column":18}},"17":{"start":{"line":13,"column":4},"end":{"line":16,"column":7}},"18":{"start":{"line":15,"column":38},"end":{"line":15,"column":51}}},"fnMap":{"0":{"name":"_interopRequireWildcard","decl":{"start":{"line":1,"column":23},"end":{"line":1,"column":46}},"loc":{"start":{"line":1,"column":52},"end":{"line":1,"column":287}},"line":1},"1":{"name":"(anonymous_1)","decl":{"start":{"line":3,"column":19},"end":{"line":3,"column":20}},"loc":{"start":{"line":3,"column":45},"end":{"line":18,"column":1}},"line":3},"2":{"name":"(anonymous_2)","decl":{"start":{"line":15,"column":29},"end":{"line":15,"column":30}},"loc":{"start":{"line":15,"column":38},"end":{"line":15,"column":51}},"line":15}},"branchMap":{"0":{"loc":{"start":{"line":1,"column":54},"end":{"line":1,"column":285}},"type":"if","locations":[{"start":{"line":1,"column":54},"end":{"line":1,"column":285}},{"start":{"line":1,"column":54},"end":{"line":1,"column":285}}],"line":1},"1":{"loc":{"start":{"line":1,"column":58},"end":{"line":1,"column":79}},"type":"binary-expr","locations":[{"start":{"line":1,"column":58},"end":{"line":1,"column":61}},{"start":{"line":1,"column":65},"end":{"line":1,"column":79}}],"line":1},"2":{"loc":{"start":{"line":1,"column":121},"end":{"line":1,"column":246}},"type":"if","locations":[{"start":{"line":1,"column":121},"end":{"line":1,"column":246}},{"start":{"line":1,"column":121},"end":{"line":1,"column":246}}],"line":1},"3":{"loc":{"start":{"line":1,"column":163},"end":{"line":1,"column":242}},"type":"if","locations":[{"start":{"line":1,"column":163},"end":{"line":1,"column":242}},{"start":{"line":1,"column":163},"end":{"line":1,"column":242}}],"line":1}},"s":{"0":0,"1":0,"2":0,"3":0,"4":0,"5":0,"6":0,"7":0,"8":0,"9":0,"10":0,"11":0,"12":0,"13":0,"14":0,"15":0,"16":0,"17":0,"18":0},"f":{"0":0,"1":0,"2":0},"b":{"0":[0,0],"1":[0,0],"2":[0,0],"3":[0,0]},"hash":"52dc05ad2010e0803e13fe523e50b9fc295f0cde"}
,"/home/backes/workspace/orbita/odc/api/src/app/validations/SessionStore.js": {"path":"/home/backes/workspace/orbita/odc/api/src/app/validations/SessionStore.js","statementMap":{"0":{"start":{"line":1,"column":54},"end":{"line":1,"column":285}},"1":{"start":{"line":1,"column":83},"end":{"line":1,"column":94}},"2":{"start":{"line":1,"column":117},"end":{"line":1,"column":119}},"3":{"start":{"line":1,"column":121},"end":{"line":1,"column":246}},"4":{"start":{"line":1,"column":140},"end":{"line":1,"column":244}},"5":{"start":{"line":1,"column":163},"end":{"line":1,"column":242}},"6":{"start":{"line":1,"column":217},"end":{"line":1,"column":240}},"7":{"start":{"line":1,"column":247},"end":{"line":1,"column":268}},"8":{"start":{"line":1,"column":269},"end":{"line":1,"column":283}},"9":{"start":{"line":1,"column":287},"end":{"line":1,"column":347}},"10":{"start":{"line":1,"column":358},"end":{"line":1,"column":372}},"11":{"start":{"line":1,"column":384},"end":{"line":1,"column":413}},"12":{"start":{"line":3,"column":0},"end":{"line":21,"column":2}},"13":{"start":{"line":4,"column":2},"end":{"line":20,"column":3}},"14":{"start":{"line":5,"column":19},"end":{"line":10,"column":6}},"15":{"start":{"line":12,"column":4},"end":{"line":12,"column":59}},"16":{"start":{"line":14,"column":4},"end":{"line":14,"column":18}},"17":{"start":{"line":16,"column":4},"end":{"line":19,"column":7}},"18":{"start":{"line":18,"column":38},"end":{"line":18,"column":51}}},"fnMap":{"0":{"name":"_interopRequireWildcard","decl":{"start":{"line":1,"column":23},"end":{"line":1,"column":46}},"loc":{"start":{"line":1,"column":52},"end":{"line":1,"column":287}},"line":1},"1":{"name":"(anonymous_1)","decl":{"start":{"line":3,"column":19},"end":{"line":3,"column":20}},"loc":{"start":{"line":3,"column":45},"end":{"line":21,"column":1}},"line":3},"2":{"name":"(anonymous_2)","decl":{"start":{"line":18,"column":29},"end":{"line":18,"column":30}},"loc":{"start":{"line":18,"column":38},"end":{"line":18,"column":51}},"line":18}},"branchMap":{"0":{"loc":{"start":{"line":1,"column":54},"end":{"line":1,"column":285}},"type":"if","locations":[{"start":{"line":1,"column":54},"end":{"line":1,"column":285}},{"start":{"line":1,"column":54},"end":{"line":1,"column":285}}],"line":1},"1":{"loc":{"start":{"line":1,"column":58},"end":{"line":1,"column":79}},"type":"binary-expr","locations":[{"start":{"line":1,"column":58},"end":{"line":1,"column":61}},{"start":{"line":1,"column":65},"end":{"line":1,"column":79}}],"line":1},"2":{"loc":{"start":{"line":1,"column":121},"end":{"line":1,"column":246}},"type":"if","locations":[{"start":{"line":1,"column":121},"end":{"line":1,"column":246}},{"start":{"line":1,"column":121},"end":{"line":1,"column":246}}],"line":1},"3":{"loc":{"start":{"line":1,"column":163},"end":{"line":1,"column":242}},"type":"if","locations":[{"start":{"line":1,"column":163},"end":{"line":1,"column":242}},{"start":{"line":1,"column":163},"end":{"line":1,"column":242}}],"line":1}},"s":{"0":0,"1":0,"2":0,"3":0,"4":0,"5":0,"6":0,"7":0,"8":0,"9":0,"10":0,"11":0,"12":0,"13":0,"14":0,"15":0,"16":0,"17":0,"18":0},"f":{"0":0,"1":0,"2":0},"b":{"0":[0,0],"1":[0,0],"2":[0,0],"3":[0,0]},"hash":"58a7f92853025da094db4ae4cae8f47313ad72ca"}
,"/home/backes/workspace/orbita/odc/api/src/app/validations/UserStore.js": {"path":"/home/backes/workspace/orbita/odc/api/src/app/validations/UserStore.js","statementMap":{"0":{"start":{"line":1,"column":54},"end":{"line":1,"column":285}},"1":{"start":{"line":1,"column":83},"end":{"line":1,"column":94}},"2":{"start":{"line":1,"column":117},"end":{"line":1,"column":119}},"3":{"start":{"line":1,"column":121},"end":{"line":1,"column":246}},"4":{"start":{"line":1,"column":140},"end":{"line":1,"column":244}},"5":{"start":{"line":1,"column":163},"end":{"line":1,"column":242}},"6":{"start":{"line":1,"column":217},"end":{"line":1,"column":240}},"7":{"start":{"line":1,"column":247},"end":{"line":1,"column":268}},"8":{"start":{"line":1,"column":269},"end":{"line":1,"column":283}},"9":{"start":{"line":1,"column":287},"end":{"line":1,"column":347}},"10":{"start":{"line":1,"column":358},"end":{"line":1,"column":372}},"11":{"start":{"line":1,"column":384},"end":{"line":1,"column":413}},"12":{"start":{"line":3,"column":0},"end":{"line":42,"column":2}},"13":{"start":{"line":4,"column":2},"end":{"line":41,"column":3}},"14":{"start":{"line":5,"column":19},"end":{"line":31,"column":6}},"15":{"start":{"line":22,"column":8},"end":{"line":29,"column":17}},"16":{"start":{"line":33,"column":4},"end":{"line":33,"column":59}},"17":{"start":{"line":35,"column":4},"end":{"line":35,"column":18}},"18":{"start":{"line":37,"column":4},"end":{"line":40,"column":7}},"19":{"start":{"line":39,"column":38},"end":{"line":39,"column":51}}},"fnMap":{"0":{"name":"_interopRequireWildcard","decl":{"start":{"line":1,"column":23},"end":{"line":1,"column":46}},"loc":{"start":{"line":1,"column":52},"end":{"line":1,"column":287}},"line":1},"1":{"name":"(anonymous_1)","decl":{"start":{"line":3,"column":19},"end":{"line":3,"column":20}},"loc":{"start":{"line":3,"column":45},"end":{"line":42,"column":1}},"line":3},"2":{"name":"(anonymous_2)","decl":{"start":{"line":21,"column":53},"end":{"line":21,"column":54}},"loc":{"start":{"line":22,"column":8},"end":{"line":29,"column":17}},"line":22},"3":{"name":"(anonymous_3)","decl":{"start":{"line":39,"column":29},"end":{"line":39,"column":30}},"loc":{"start":{"line":39,"column":38},"end":{"line":39,"column":51}},"line":39}},"branchMap":{"0":{"loc":{"start":{"line":1,"column":54},"end":{"line":1,"column":285}},"type":"if","locations":[{"start":{"line":1,"column":54},"end":{"line":1,"column":285}},{"start":{"line":1,"column":54},"end":{"line":1,"column":285}}],"line":1},"1":{"loc":{"start":{"line":1,"column":58},"end":{"line":1,"column":79}},"type":"binary-expr","locations":[{"start":{"line":1,"column":58},"end":{"line":1,"column":61}},{"start":{"line":1,"column":65},"end":{"line":1,"column":79}}],"line":1},"2":{"loc":{"start":{"line":1,"column":121},"end":{"line":1,"column":246}},"type":"if","locations":[{"start":{"line":1,"column":121},"end":{"line":1,"column":246}},{"start":{"line":1,"column":121},"end":{"line":1,"column":246}}],"line":1},"3":{"loc":{"start":{"line":1,"column":163},"end":{"line":1,"column":242}},"type":"if","locations":[{"start":{"line":1,"column":163},"end":{"line":1,"column":242}},{"start":{"line":1,"column":163},"end":{"line":1,"column":242}}],"line":1},"4":{"loc":{"start":{"line":22,"column":8},"end":{"line":29,"column":17}},"type":"cond-expr","locations":[{"start":{"line":23,"column":12},"end":{"line":28,"column":15}},{"start":{"line":29,"column":12},"end":{"line":29,"column":17}}],"line":22}},"s":{"0":0,"1":0,"2":0,"3":0,"4":0,"5":0,"6":0,"7":0,"8":0,"9":0,"10":0,"11":0,"12":0,"13":0,"14":0,"15":0,"16":0,"17":0,"18":0,"19":0},"f":{"0":0,"1":0,"2":0,"3":0},"b":{"0":[0,0],"1":[0,0],"2":[0,0],"3":[0,0],"4":[0,0]},"hash":"7def110a94a38dedf6f82af75e98aa68550750f4"}
,"/home/backes/workspace/orbita/odc/api/src/app/validations/UserUpdate.js": {"path":"/home/backes/workspace/orbita/odc/api/src/app/validations/UserUpdate.js","statementMap":{"0":{"start":{"line":1,"column":54},"end":{"line":1,"column":285}},"1":{"start":{"line":1,"column":83},"end":{"line":1,"column":94}},"2":{"start":{"line":1,"column":117},"end":{"line":1,"column":119}},"3":{"start":{"line":1,"column":121},"end":{"line":1,"column":246}},"4":{"start":{"line":1,"column":140},"end":{"line":1,"column":244}},"5":{"start":{"line":1,"column":163},"end":{"line":1,"column":242}},"6":{"start":{"line":1,"column":217},"end":{"line":1,"column":240}},"7":{"start":{"line":1,"column":247},"end":{"line":1,"column":268}},"8":{"start":{"line":1,"column":269},"end":{"line":1,"column":283}},"9":{"start":{"line":1,"column":287},"end":{"line":1,"column":347}},"10":{"start":{"line":1,"column":358},"end":{"line":1,"column":372}},"11":{"start":{"line":1,"column":384},"end":{"line":1,"column":413}},"12":{"start":{"line":3,"column":0},"end":{"line":38,"column":2}},"13":{"start":{"line":4,"column":2},"end":{"line":37,"column":3}},"14":{"start":{"line":5,"column":19},"end":{"line":27,"column":6}},"15":{"start":{"line":22,"column":10},"end":{"line":22,"column":48}},"16":{"start":{"line":25,"column":8},"end":{"line":25,"column":72}},"17":{"start":{"line":29,"column":4},"end":{"line":29,"column":59}},"18":{"start":{"line":31,"column":4},"end":{"line":31,"column":18}},"19":{"start":{"line":33,"column":4},"end":{"line":36,"column":7}},"20":{"start":{"line":35,"column":38},"end":{"line":35,"column":51}}},"fnMap":{"0":{"name":"_interopRequireWildcard","decl":{"start":{"line":1,"column":23},"end":{"line":1,"column":46}},"loc":{"start":{"line":1,"column":52},"end":{"line":1,"column":287}},"line":1},"1":{"name":"(anonymous_1)","decl":{"start":{"line":3,"column":19},"end":{"line":3,"column":20}},"loc":{"start":{"line":3,"column":45},"end":{"line":38,"column":1}},"line":3},"2":{"name":"(anonymous_2)","decl":{"start":{"line":21,"column":29},"end":{"line":21,"column":30}},"loc":{"start":{"line":22,"column":10},"end":{"line":22,"column":48}},"line":22},"3":{"name":"(anonymous_3)","decl":{"start":{"line":24,"column":53},"end":{"line":24,"column":54}},"loc":{"start":{"line":25,"column":8},"end":{"line":25,"column":72}},"line":25},"4":{"name":"(anonymous_4)","decl":{"start":{"line":35,"column":29},"end":{"line":35,"column":30}},"loc":{"start":{"line":35,"column":38},"end":{"line":35,"column":51}},"line":35}},"branchMap":{"0":{"loc":{"start":{"line":1,"column":54},"end":{"line":1,"column":285}},"type":"if","locations":[{"start":{"line":1,"column":54},"end":{"line":1,"column":285}},{"start":{"line":1,"column":54},"end":{"line":1,"column":285}}],"line":1},"1":{"loc":{"start":{"line":1,"column":58},"end":{"line":1,"column":79}},"type":"binary-expr","locations":[{"start":{"line":1,"column":58},"end":{"line":1,"column":61}},{"start":{"line":1,"column":65},"end":{"line":1,"column":79}}],"line":1},"2":{"loc":{"start":{"line":1,"column":121},"end":{"line":1,"column":246}},"type":"if","locations":[{"start":{"line":1,"column":121},"end":{"line":1,"column":246}},{"start":{"line":1,"column":121},"end":{"line":1,"column":246}}],"line":1},"3":{"loc":{"start":{"line":1,"column":163},"end":{"line":1,"column":242}},"type":"if","locations":[{"start":{"line":1,"column":163},"end":{"line":1,"column":242}},{"start":{"line":1,"column":163},"end":{"line":1,"column":242}}],"line":1},"4":{"loc":{"start":{"line":22,"column":10},"end":{"line":22,"column":48}},"type":"cond-expr","locations":[{"start":{"line":22,"column":24},"end":{"line":22,"column":40}},{"start":{"line":22,"column":43},"end":{"line":22,"column":48}}],"line":22},"5":{"loc":{"start":{"line":25,"column":8},"end":{"line":25,"column":72}},"type":"cond-expr","locations":[{"start":{"line":25,"column":19},"end":{"line":25,"column":64}},{"start":{"line":25,"column":67},"end":{"line":25,"column":72}}],"line":25}},"s":{"0":0,"1":0,"2":0,"3":0,"4":0,"5":0,"6":0,"7":0,"8":0,"9":0,"10":0,"11":0,"12":0,"13":0,"14":0,"15":0,"16":0,"17":0,"18":0,"19":0,"20":0},"f":{"0":0,"1":0,"2":0,"3":0,"4":0},"b":{"0":[0,0],"1":[0,0],"2":[0,0],"3":[0,0],"4":[0,0],"5":[0,0]},"hash":"d313bedd1640fa276cc5fee6e9a1dd9ac61bc1d0"}
}
