TN:
SF:/home/backes/workspace/orbita/odc/api/src/app/controllers/FileController.js
FN:1,_interopRequireDefault
FN:4,(anonymous_1)
FNF:2
FNH:0
FNDA:0,_interopRequireDefault
FNDA:0,(anonymous_1)
DA:1,0
DA:5,0
DA:7,0
DA:12,0
DA:16,0
LF:5
LH:0
BRDA:1,0,0,0
BRDA:1,0,1,0
BRDA:1,1,0,0
BRDA:1,1,1,0
BRF:4
BRH:0
end_of_record
TN:
SF:/home/backes/workspace/orbita/odc/api/src/app/controllers/InstallationController.js
FN:1,_interopRequireDefault
FN:5,(anonymous_1)
FN:27,(anonymous_2)
FN:39,(anonymous_3)
FN:53,(anonymous_4)
FN:72,(anonymous_5)
FNF:6
FNH:0
FNDA:0,_interopRequireDefault
FNDA:0,(anonymous_1)
FNDA:0,(anonymous_2)
FNDA:0,(anonymous_3)
FNDA:0,(anonymous_4)
FNDA:0,(anonymous_5)
DA:1,0
DA:2,0
DA:6,0
DA:7,0
DA:8,0
DA:10,0
DA:18,0
DA:20,0
DA:28,0
DA:30,0
DA:36,0
DA:40,0
DA:42,0
DA:50,0
DA:54,0
DA:56,0
DA:71,0
DA:72,0
DA:80,0
LF:19
LH:0
BRDA:1,0,0,0
BRDA:1,0,1,0
BRDA:1,1,0,0
BRDA:1,1,1,0
BRF:4
BRH:0
end_of_record
TN:
SF:/home/backes/workspace/orbita/odc/api/src/app/controllers/SessionController.js
FN:1,_interopRequireDefault
FN:8,(anonymous_1)
FNF:2
FNH:0
FNDA:0,_interopRequireDefault
FNDA:0,(anonymous_1)
DA:1,0
DA:3,0
DA:5,0
DA:9,0
DA:11,0
DA:17,0
DA:18,0
DA:23,0
DA:25,0
DA:34,0
LF:10
LH:0
BRDA:1,0,0,0
BRDA:1,0,1,0
BRDA:1,1,0,0
BRDA:1,1,1,0
BRDA:17,2,0,0
BRDA:17,2,1,0
BRDA:17,3,0,0
BRDA:17,3,1,0
BRF:8
BRH:0
end_of_record
TN:
SF:/home/backes/workspace/orbita/odc/api/src/app/controllers/UserController.js
FN:1,_interopRequireDefault
FN:5,(anonymous_1)
FN:20,(anonymous_2)
FN:44,(anonymous_3)
FN:75,(anonymous_4)
FNF:5
FNH:0
FNDA:0,_interopRequireDefault
FNDA:0,(anonymous_1)
FNDA:0,(anonymous_2)
FNDA:0,(anonymous_3)
FNDA:0,(anonymous_4)
DA:1,0
DA:2,0
DA:6,0
DA:17,0
DA:21,0
DA:23,0
DA:29,0
DA:30,0
DA:36,0
DA:41,0
DA:45,0
DA:47,0
DA:49,0
DA:50,0
DA:52,0
DA:53,0
DA:57,0
DA:58,0
DA:63,0
DA:64,0
DA:67,0
DA:72,0
DA:76,0
DA:78,0
DA:79,0
DA:85,0
DA:87,0
DA:93,0
LF:28
LH:0
BRDA:1,0,0,0
BRDA:1,0,1,0
BRDA:1,1,0,0
BRDA:1,1,1,0
BRDA:29,2,0,0
BRDA:29,2,1,0
BRDA:49,3,0,0
BRDA:49,3,1,0
BRDA:52,4,0,0
BRDA:52,4,1,0
BRDA:57,5,0,0
BRDA:57,5,1,0
BRDA:57,6,0,0
BRDA:57,6,1,0
BRDA:63,7,0,0
BRDA:63,7,1,0
BRDA:63,8,0,0
BRDA:63,8,1,0
BRDA:78,9,0,0
BRDA:78,9,1,0
BRF:20
BRH:0
end_of_record
TN:
SF:/home/backes/workspace/orbita/odc/api/src/app/middlewares/auth.js
FN:1,_interopRequireDefault
FN:6,(anonymous_1)
FNF:2
FNH:0
FNDA:0,_interopRequireDefault
FNDA:0,(anonymous_1)
DA:1,0
DA:2,0
DA:4,0
DA:6,0
DA:7,0
DA:9,0
DA:10,0
DA:15,0
DA:17,0
DA:18,0
DA:20,0
DA:21,0
DA:23,0
DA:25,0
LF:14
LH:0
BRDA:1,0,0,0
BRDA:1,0,1,0
BRDA:1,1,0,0
BRDA:1,1,1,0
BRDA:9,2,0,0
BRDA:9,2,1,0
BRF:6
BRH:0
end_of_record
TN:
SF:/home/backes/workspace/orbita/odc/api/src/app/models/File.js
FN:1,_interopRequireDefault
FN:4,(anonymous_1)
FN:11,(anonymous_2)
FNF:3
FNH:0
FNDA:0,_interopRequireDefault
FNDA:0,(anonymous_1)
FNDA:0,(anonymous_2)
DA:1,0
DA:5,0
DA:12,0
DA:21,0
DA:25,0
LF:5
LH:0
BRDA:1,0,0,0
BRDA:1,0,1,0
BRDA:1,1,0,0
BRDA:1,1,1,0
BRF:4
BRH:0
end_of_record
TN:
SF:/home/backes/workspace/orbita/odc/api/src/app/models/Installation.js
FN:1,_interopRequireDefault
FN:4,(anonymous_1)
FNF:2
FNH:0
FNDA:0,_interopRequireDefault
FNDA:0,(anonymous_1)
DA:1,0
DA:5,0
DA:19,0
DA:23,0
LF:4
LH:0
BRDA:1,0,0,0
BRDA:1,0,1,0
BRDA:1,1,0,0
BRDA:1,1,1,0
BRF:4
BRH:0
end_of_record
TN:
SF:/home/backes/workspace/orbita/odc/api/src/app/models/User.js
FN:1,_interopRequireDefault
FN:5,(anonymous_1)
FN:19,(anonymous_2)
FN:28,(anonymous_3)
FN:32,(anonymous_4)
FNF:5
FNH:0
FNDA:0,_interopRequireDefault
FNDA:0,(anonymous_1)
FNDA:0,(anonymous_2)
FNDA:0,(anonymous_3)
FNDA:0,(anonymous_4)
DA:1,0
DA:2,0
DA:6,0
DA:19,0
DA:20,0
DA:21,0
DA:25,0
DA:29,0
DA:33,0
DA:37,0
LF:10
LH:0
BRDA:1,0,0,0
BRDA:1,0,1,0
BRDA:1,1,0,0
BRDA:1,1,1,0
BRDA:20,2,0,0
BRDA:20,2,1,0
BRF:6
BRH:0
end_of_record
TN:
SF:/home/backes/workspace/orbita/odc/api/src/app/validations/InstallationIndex.js
FN:1,_interopRequireWildcard
FN:3,(anonymous_1)
FN:15,(anonymous_2)
FNF:3
FNH:0
FNDA:0,_interopRequireWildcard
FNDA:0,(anonymous_1)
FNDA:0,(anonymous_2)
DA:1,0
DA:3,0
DA:4,0
DA:5,0
DA:9,0
DA:11,0
DA:13,0
DA:15,0
LF:8
LH:0
BRDA:1,0,0,0
BRDA:1,0,1,0
BRDA:1,1,0,0
BRDA:1,1,1,0
BRDA:1,2,0,0
BRDA:1,2,1,0
BRDA:1,3,0,0
BRDA:1,3,1,0
BRF:8
BRH:0
end_of_record
TN:
SF:/home/backes/workspace/orbita/odc/api/src/app/validations/SessionStore.js
FN:1,_interopRequireWildcard
FN:3,(anonymous_1)
FN:18,(anonymous_2)
FNF:3
FNH:0
FNDA:0,_interopRequireWildcard
FNDA:0,(anonymous_1)
FNDA:0,(anonymous_2)
DA:1,0
DA:3,0
DA:4,0
DA:5,0
DA:12,0
DA:14,0
DA:16,0
DA:18,0
LF:8
LH:0
BRDA:1,0,0,0
BRDA:1,0,1,0
BRDA:1,1,0,0
BRDA:1,1,1,0
BRDA:1,2,0,0
BRDA:1,2,1,0
BRDA:1,3,0,0
BRDA:1,3,1,0
BRF:8
BRH:0
end_of_record
TN:
SF:/home/backes/workspace/orbita/odc/api/src/app/validations/UserStore.js
FN:1,_interopRequireWildcard
FN:3,(anonymous_1)
FN:21,(anonymous_2)
FN:39,(anonymous_3)
FNF:4
FNH:0
FNDA:0,_interopRequireWildcard
FNDA:0,(anonymous_1)
FNDA:0,(anonymous_2)
FNDA:0,(anonymous_3)
DA:1,0
DA:3,0
DA:4,0
DA:5,0
DA:22,0
DA:33,0
DA:35,0
DA:37,0
DA:39,0
LF:9
LH:0
BRDA:1,0,0,0
BRDA:1,0,1,0
BRDA:1,1,0,0
BRDA:1,1,1,0
BRDA:1,2,0,0
BRDA:1,2,1,0
BRDA:1,3,0,0
BRDA:1,3,1,0
BRDA:22,4,0,0
BRDA:22,4,1,0
BRF:10
BRH:0
end_of_record
TN:
SF:/home/backes/workspace/orbita/odc/api/src/app/validations/UserUpdate.js
FN:1,_interopRequireWildcard
FN:3,(anonymous_1)
FN:21,(anonymous_2)
FN:24,(anonymous_3)
FN:35,(anonymous_4)
FNF:5
FNH:0
FNDA:0,_interopRequireWildcard
FNDA:0,(anonymous_1)
FNDA:0,(anonymous_2)
FNDA:0,(anonymous_3)
FNDA:0,(anonymous_4)
DA:1,0
DA:3,0
DA:4,0
DA:5,0
DA:22,0
DA:25,0
DA:29,0
DA:31,0
DA:33,0
DA:35,0
LF:10
LH:0
BRDA:1,0,0,0
BRDA:1,0,1,0
BRDA:1,1,0,0
BRDA:1,1,1,0
BRDA:1,2,0,0
BRDA:1,2,1,0
BRDA:1,3,0,0
BRDA:1,3,1,0
BRDA:22,4,0,0
BRDA:22,4,1,0
BRDA:25,5,0,0
BRDA:25,5,1,0
BRF:12
BRH:0
end_of_record
